CRITICAL - 2021-10-27 23:03:16 --> Class "App\Filter\Cors" not found
#0 /home/artatripamuda/Documents/learn/mfikri/restful/system/CodeIgniter.php(374): CodeIgniter\Filters\Filters->run()
#1 /home/artatripamuda/Documents/learn/mfikri/restful/system/CodeIgniter.php(317): CodeIgniter\CodeIgniter->handleRequest()
#2 /home/artatripamuda/Documents/learn/mfikri/restful/public/index.php(37): CodeIgniter\CodeIgniter->run()
#3 /home/artatripamuda/Documents/learn/mfikri/restful/system/Commands/Server/rewrite.php(43): require_once('...')
#4 {main}
CRITICAL - 2021-10-27 23:04:24 --> Class "App\Filter\Cors" not found
#0 /home/artatripamuda/Documents/learn/mfikri/restful/system/CodeIgniter.php(374): CodeIgniter\Filters\Filters->run()
#1 /home/artatripamuda/Documents/learn/mfikri/restful/system/CodeIgniter.php(317): CodeIgniter\CodeIgniter->handleRequest()
#2 /home/artatripamuda/Documents/learn/mfikri/restful/public/index.php(37): CodeIgniter\CodeIgniter->run()
#3 /home/artatripamuda/Documents/learn/mfikri/restful/system/Commands/Server/rewrite.php(43): require_once('...')
#4 {main}
CRITICAL - 2021-10-27 23:05:26 --> Class "App\Filter\Cors" not found
#0 /home/artatripamuda/Documents/learn/mfikri/restful/system/CodeIgniter.php(374): CodeIgniter\Filters\Filters->run()
#1 /home/artatripamuda/Documents/learn/mfikri/restful/system/CodeIgniter.php(317): CodeIgniter\CodeIgniter->handleRequest()
#2 /home/artatripamuda/Documents/learn/mfikri/restful/public/index.php(37): CodeIgniter\CodeIgniter->run()
#3 /home/artatripamuda/Documents/learn/mfikri/restful/system/Commands/Server/rewrite.php(43): require_once('...')
#4 {main}
CRITICAL - 2021-10-27 23:05:34 --> Class "App\Filter\Cors" not found
#0 /home/artatripamuda/Documents/learn/mfikri/restful/system/CodeIgniter.php(374): CodeIgniter\Filters\Filters->run()
#1 /home/artatripamuda/Documents/learn/mfikri/restful/system/CodeIgniter.php(317): CodeIgniter\CodeIgniter->handleRequest()
#2 /home/artatripamuda/Documents/learn/mfikri/restful/public/index.php(37): CodeIgniter\CodeIgniter->run()
#3 /home/artatripamuda/Documents/learn/mfikri/restful/system/Commands/Server/rewrite.php(43): require_once('...')
#4 {main}
CRITICAL - 2021-10-27 23:05:39 --> Class "App\Filter\Cors" not found
#0 /home/artatripamuda/Documents/learn/mfikri/restful/system/CodeIgniter.php(374): CodeIgniter\Filters\Filters->run()
#1 /home/artatripamuda/Documents/learn/mfikri/restful/system/CodeIgniter.php(317): CodeIgniter\CodeIgniter->handleRequest()
#2 /home/artatripamuda/Documents/learn/mfikri/restful/public/index.php(37): CodeIgniter\CodeIgniter->run()
#3 /home/artatripamuda/Documents/learn/mfikri/restful/system/Commands/Server/rewrite.php(43): require_once('...')
#4 {main}
CRITICAL - 2021-10-27 23:05:42 --> Class "App\Filter\Cors" not found
#0 /home/artatripamuda/Documents/learn/mfikri/restful/system/CodeIgniter.php(374): CodeIgniter\Filters\Filters->run()
#1 /home/artatripamuda/Documents/learn/mfikri/restful/system/CodeIgniter.php(317): CodeIgniter\CodeIgniter->handleRequest()
#2 /home/artatripamuda/Documents/learn/mfikri/restful/public/index.php(37): CodeIgniter\CodeIgniter->run()
#3 /home/artatripamuda/Documents/learn/mfikri/restful/system/Commands/Server/rewrite.php(43): require_once('...')
#4 {main}
CRITICAL - 2021-10-27 23:06:06 --> Class "App\Filter\Cors" not found
#0 /home/artatripamuda/Documents/learn/mfikri/restful/system/CodeIgniter.php(374): CodeIgniter\Filters\Filters->run()
#1 /home/artatripamuda/Documents/learn/mfikri/restful/system/CodeIgniter.php(317): CodeIgniter\CodeIgniter->handleRequest()
#2 /home/artatripamuda/Documents/learn/mfikri/restful/public/index.php(37): CodeIgniter\CodeIgniter->run()
#3 /home/artatripamuda/Documents/learn/mfikri/restful/system/Commands/Server/rewrite.php(43): require_once('...')
#4 {main}
CRITICAL - 2021-10-27 23:06:08 --> Class "App\Filter\Cors" not found
#0 /home/artatripamuda/Documents/learn/mfikri/restful/system/CodeIgniter.php(374): CodeIgniter\Filters\Filters->run()
#1 /home/artatripamuda/Documents/learn/mfikri/restful/system/CodeIgniter.php(317): CodeIgniter\CodeIgniter->handleRequest()
#2 /home/artatripamuda/Documents/learn/mfikri/restful/public/index.php(37): CodeIgniter\CodeIgniter->run()
#3 /home/artatripamuda/Documents/learn/mfikri/restful/system/Commands/Server/rewrite.php(43): require_once('...')
#4 {main}
CRITICAL - 2021-10-27 23:06:23 --> Class "App\Filter\Cors" not found
#0 /home/artatripamuda/Documents/learn/mfikri/restful/system/CodeIgniter.php(374): CodeIgniter\Filters\Filters->run()
#1 /home/artatripamuda/Documents/learn/mfikri/restful/system/CodeIgniter.php(317): CodeIgniter\CodeIgniter->handleRequest()
#2 /home/artatripamuda/Documents/learn/mfikri/restful/public/index.php(37): CodeIgniter\CodeIgniter->run()
#3 /home/artatripamuda/Documents/learn/mfikri/restful/system/Commands/Server/rewrite.php(43): require_once('...')
#4 {main}
CRITICAL - 2021-10-27 23:07:07 --> Class "App\Filter\Cors" not found
#0 /home/artatripamuda/Documents/learn/mfikri/restful/system/CodeIgniter.php(374): CodeIgniter\Filters\Filters->run()
#1 /home/artatripamuda/Documents/learn/mfikri/restful/system/CodeIgniter.php(317): CodeIgniter\CodeIgniter->handleRequest()
#2 /home/artatripamuda/Documents/learn/mfikri/restful/public/index.php(37): CodeIgniter\CodeIgniter->run()
#3 /home/artatripamuda/Documents/learn/mfikri/restful/system/Commands/Server/rewrite.php(43): require_once('...')
#4 {main}
CRITICAL - 2021-10-27 23:13:57 --> There is no data to insert.
#0 /home/artatripamuda/Documents/learn/mfikri/restful/system/BaseModel.php(1570): CodeIgniter\Database\Exceptions\DataException::forEmptyDataset()
#1 /home/artatripamuda/Documents/learn/mfikri/restful/system/BaseModel.php(704): CodeIgniter\BaseModel->transformDataToArray()
#2 /home/artatripamuda/Documents/learn/mfikri/restful/system/Model.php(620): CodeIgniter\BaseModel->insert()
#3 /home/artatripamuda/Documents/learn/mfikri/restful/app/Controllers/Products.php(43): CodeIgniter\Model->insert()
#4 /home/artatripamuda/Documents/learn/mfikri/restful/system/CodeIgniter.php(802): App\Controllers\Products->create()
#5 /home/artatripamuda/Documents/learn/mfikri/restful/system/CodeIgniter.php(399): CodeIgniter\CodeIgniter->runController()
#6 /home/artatripamuda/Documents/learn/mfikri/restful/system/CodeIgniter.php(317): CodeIgniter\CodeIgniter->handleRequest()
#7 /home/artatripamuda/Documents/learn/mfikri/restful/public/index.php(37): CodeIgniter\CodeIgniter->run()
#8 /home/artatripamuda/Documents/learn/mfikri/restful/system/Commands/Server/rewrite.php(43): require_once('...')
#9 {main}
CRITICAL - 2021-10-27 23:14:18 --> There is no data to insert.
#0 /home/artatripamuda/Documents/learn/mfikri/restful/system/BaseModel.php(1570): CodeIgniter\Database\Exceptions\DataException::forEmptyDataset()
#1 /home/artatripamuda/Documents/learn/mfikri/restful/system/BaseModel.php(704): CodeIgniter\BaseModel->transformDataToArray()
#2 /home/artatripamuda/Documents/learn/mfikri/restful/system/Model.php(620): CodeIgniter\BaseModel->insert()
#3 /home/artatripamuda/Documents/learn/mfikri/restful/app/Controllers/Products.php(43): CodeIgniter\Model->insert()
#4 /home/artatripamuda/Documents/learn/mfikri/restful/system/CodeIgniter.php(802): App\Controllers\Products->create()
#5 /home/artatripamuda/Documents/learn/mfikri/restful/system/CodeIgniter.php(399): CodeIgniter\CodeIgniter->runController()
#6 /home/artatripamuda/Documents/learn/mfikri/restful/system/CodeIgniter.php(317): CodeIgniter\CodeIgniter->handleRequest()
#7 /home/artatripamuda/Documents/learn/mfikri/restful/public/index.php(37): CodeIgniter\CodeIgniter->run()
#8 /home/artatripamuda/Documents/learn/mfikri/restful/system/Commands/Server/rewrite.php(43): require_once('...')
#9 {main}
CRITICAL - 2021-10-27 23:16:26 --> There is no data to insert.
#0 /home/artatripamuda/Documents/learn/mfikri/restful/system/BaseModel.php(1570): CodeIgniter\Database\Exceptions\DataException::forEmptyDataset()
#1 /home/artatripamuda/Documents/learn/mfikri/restful/system/BaseModel.php(704): CodeIgniter\BaseModel->transformDataToArray()
#2 /home/artatripamuda/Documents/learn/mfikri/restful/system/Model.php(620): CodeIgniter\BaseModel->insert()
#3 /home/artatripamuda/Documents/learn/mfikri/restful/app/Controllers/Products.php(43): CodeIgniter\Model->insert()
#4 /home/artatripamuda/Documents/learn/mfikri/restful/system/CodeIgniter.php(802): App\Controllers\Products->create()
#5 /home/artatripamuda/Documents/learn/mfikri/restful/system/CodeIgniter.php(399): CodeIgniter\CodeIgniter->runController()
#6 /home/artatripamuda/Documents/learn/mfikri/restful/system/CodeIgniter.php(317): CodeIgniter\CodeIgniter->handleRequest()
#7 /home/artatripamuda/Documents/learn/mfikri/restful/public/index.php(37): CodeIgniter\CodeIgniter->run()
#8 /home/artatripamuda/Documents/learn/mfikri/restful/system/Commands/Server/rewrite.php(43): require_once('...')
#9 {main}
CRITICAL - 2021-10-27 23:16:32 --> There is no data to insert.
#0 /home/artatripamuda/Documents/learn/mfikri/restful/system/BaseModel.php(1570): CodeIgniter\Database\Exceptions\DataException::forEmptyDataset()
#1 /home/artatripamuda/Documents/learn/mfikri/restful/system/BaseModel.php(704): CodeIgniter\BaseModel->transformDataToArray()
#2 /home/artatripamuda/Documents/learn/mfikri/restful/system/Model.php(620): CodeIgniter\BaseModel->insert()
#3 /home/artatripamuda/Documents/learn/mfikri/restful/app/Controllers/Products.php(43): CodeIgniter\Model->insert()
#4 /home/artatripamuda/Documents/learn/mfikri/restful/system/CodeIgniter.php(802): App\Controllers\Products->create()
#5 /home/artatripamuda/Documents/learn/mfikri/restful/system/CodeIgniter.php(399): CodeIgniter\CodeIgniter->runController()
#6 /home/artatripamuda/Documents/learn/mfikri/restful/system/CodeIgniter.php(317): CodeIgniter\CodeIgniter->handleRequest()
#7 /home/artatripamuda/Documents/learn/mfikri/restful/public/index.php(37): CodeIgniter\CodeIgniter->run()
#8 /home/artatripamuda/Documents/learn/mfikri/restful/system/Commands/Server/rewrite.php(43): require_once('...')
#9 {main}
CRITICAL - 2021-10-27 23:19:48 --> There is no data to insert.
#0 /home/artatripamuda/Documents/learn/mfikri/restful/system/BaseModel.php(1570): CodeIgniter\Database\Exceptions\DataException::forEmptyDataset()
#1 /home/artatripamuda/Documents/learn/mfikri/restful/system/BaseModel.php(704): CodeIgniter\BaseModel->transformDataToArray()
#2 /home/artatripamuda/Documents/learn/mfikri/restful/system/Model.php(620): CodeIgniter\BaseModel->insert()
#3 /home/artatripamuda/Documents/learn/mfikri/restful/app/Controllers/Products.php(43): CodeIgniter\Model->insert()
#4 /home/artatripamuda/Documents/learn/mfikri/restful/system/CodeIgniter.php(802): App\Controllers\Products->create()
#5 /home/artatripamuda/Documents/learn/mfikri/restful/system/CodeIgniter.php(399): CodeIgniter\CodeIgniter->runController()
#6 /home/artatripamuda/Documents/learn/mfikri/restful/system/CodeIgniter.php(317): CodeIgniter\CodeIgniter->handleRequest()
#7 /home/artatripamuda/Documents/learn/mfikri/restful/public/index.php(37): CodeIgniter\CodeIgniter->run()
#8 /home/artatripamuda/Documents/learn/mfikri/restful/system/Commands/Server/rewrite.php(43): require_once('...')
#9 {main}
CRITICAL - 2021-10-27 23:20:47 --> There is no data to insert.
#0 /home/artatripamuda/Documents/learn/mfikri/restful/system/BaseModel.php(1570): CodeIgniter\Database\Exceptions\DataException::forEmptyDataset()
#1 /home/artatripamuda/Documents/learn/mfikri/restful/system/BaseModel.php(704): CodeIgniter\BaseModel->transformDataToArray()
#2 /home/artatripamuda/Documents/learn/mfikri/restful/system/Model.php(620): CodeIgniter\BaseModel->insert()
#3 /home/artatripamuda/Documents/learn/mfikri/restful/app/Controllers/Products.php(43): CodeIgniter\Model->insert()
#4 /home/artatripamuda/Documents/learn/mfikri/restful/system/CodeIgniter.php(802): App\Controllers\Products->create()
#5 /home/artatripamuda/Documents/learn/mfikri/restful/system/CodeIgniter.php(399): CodeIgniter\CodeIgniter->runController()
#6 /home/artatripamuda/Documents/learn/mfikri/restful/system/CodeIgniter.php(317): CodeIgniter\CodeIgniter->handleRequest()
#7 /home/artatripamuda/Documents/learn/mfikri/restful/public/index.php(37): CodeIgniter\CodeIgniter->run()
#8 /home/artatripamuda/Documents/learn/mfikri/restful/system/Commands/Server/rewrite.php(43): require_once('...')
#9 {main}
CRITICAL - 2021-10-27 23:22:14 --> There is no data to insert.
#0 /home/artatripamuda/Documents/learn/mfikri/restful/system/BaseModel.php(1570): CodeIgniter\Database\Exceptions\DataException::forEmptyDataset()
#1 /home/artatripamuda/Documents/learn/mfikri/restful/system/BaseModel.php(704): CodeIgniter\BaseModel->transformDataToArray()
#2 /home/artatripamuda/Documents/learn/mfikri/restful/system/Model.php(620): CodeIgniter\BaseModel->insert()
#3 /home/artatripamuda/Documents/learn/mfikri/restful/app/Controllers/Products.php(43): CodeIgniter\Model->insert()
#4 /home/artatripamuda/Documents/learn/mfikri/restful/system/CodeIgniter.php(802): App\Controllers\Products->create()
#5 /home/artatripamuda/Documents/learn/mfikri/restful/system/CodeIgniter.php(399): CodeIgniter\CodeIgniter->runController()
#6 /home/artatripamuda/Documents/learn/mfikri/restful/system/CodeIgniter.php(317): CodeIgniter\CodeIgniter->handleRequest()
#7 /home/artatripamuda/Documents/learn/mfikri/restful/public/index.php(37): CodeIgniter\CodeIgniter->run()
#8 /home/artatripamuda/Documents/learn/mfikri/restful/system/Commands/Server/rewrite.php(43): require_once('...')
#9 {main}
