CRITICAL - 2021-10-28 00:26:48 --> There is no data to insert.
#0 /home/artatripamuda/Documents/learn/mfikri/restful/system/BaseModel.php(1570): CodeIgniter\Database\Exceptions\DataException::forEmptyDataset()
#1 /home/artatripamuda/Documents/learn/mfikri/restful/system/BaseModel.php(704): CodeIgniter\BaseModel->transformDataToArray()
#2 /home/artatripamuda/Documents/learn/mfikri/restful/system/Model.php(620): CodeIgniter\BaseModel->insert()
#3 /home/artatripamuda/Documents/learn/mfikri/restful/app/Controllers/Products.php(43): CodeIgniter\Model->insert()
#4 /home/artatripamuda/Documents/learn/mfikri/restful/system/CodeIgniter.php(802): App\Controllers\Products->create()
#5 /home/artatripamuda/Documents/learn/mfikri/restful/system/CodeIgniter.php(399): CodeIgniter\CodeIgniter->runController()
#6 /home/artatripamuda/Documents/learn/mfikri/restful/system/CodeIgniter.php(317): CodeIgniter\CodeIgniter->handleRequest()
#7 /home/artatripamuda/Documents/learn/mfikri/restful/public/index.php(37): CodeIgniter\CodeIgniter->run()
#8 /home/artatripamuda/Documents/learn/mfikri/restful/system/Commands/Server/rewrite.php(43): require_once('...')
#9 {main}
CRITICAL - 2021-10-28 00:27:23 --> There is no data to insert.
#0 /home/artatripamuda/Documents/learn/mfikri/restful/system/BaseModel.php(1570): CodeIgniter\Database\Exceptions\DataException::forEmptyDataset()
#1 /home/artatripamuda/Documents/learn/mfikri/restful/system/BaseModel.php(704): CodeIgniter\BaseModel->transformDataToArray()
#2 /home/artatripamuda/Documents/learn/mfikri/restful/system/Model.php(620): CodeIgniter\BaseModel->insert()
#3 /home/artatripamuda/Documents/learn/mfikri/restful/app/Controllers/Products.php(43): CodeIgniter\Model->insert()
#4 /home/artatripamuda/Documents/learn/mfikri/restful/system/CodeIgniter.php(802): App\Controllers\Products->create()
#5 /home/artatripamuda/Documents/learn/mfikri/restful/system/CodeIgniter.php(399): CodeIgniter\CodeIgniter->runController()
#6 /home/artatripamuda/Documents/learn/mfikri/restful/system/CodeIgniter.php(317): CodeIgniter\CodeIgniter->handleRequest()
#7 /home/artatripamuda/Documents/learn/mfikri/restful/public/index.php(37): CodeIgniter\CodeIgniter->run()
#8 /home/artatripamuda/Documents/learn/mfikri/restful/system/Commands/Server/rewrite.php(43): require_once('...')
#9 {main}
CRITICAL - 2021-10-28 00:28:13 --> There is no data to insert.
#0 /home/artatripamuda/Documents/learn/mfikri/restful/system/BaseModel.php(1570): CodeIgniter\Database\Exceptions\DataException::forEmptyDataset()
#1 /home/artatripamuda/Documents/learn/mfikri/restful/system/BaseModel.php(704): CodeIgniter\BaseModel->transformDataToArray()
#2 /home/artatripamuda/Documents/learn/mfikri/restful/system/Model.php(620): CodeIgniter\BaseModel->insert()
#3 /home/artatripamuda/Documents/learn/mfikri/restful/app/Controllers/Products.php(43): CodeIgniter\Model->insert()
#4 /home/artatripamuda/Documents/learn/mfikri/restful/system/CodeIgniter.php(802): App\Controllers\Products->create()
#5 /home/artatripamuda/Documents/learn/mfikri/restful/system/CodeIgniter.php(399): CodeIgniter\CodeIgniter->runController()
#6 /home/artatripamuda/Documents/learn/mfikri/restful/system/CodeIgniter.php(317): CodeIgniter\CodeIgniter->handleRequest()
#7 /home/artatripamuda/Documents/learn/mfikri/restful/public/index.php(37): CodeIgniter\CodeIgniter->run()
#8 /home/artatripamuda/Documents/learn/mfikri/restful/system/Commands/Server/rewrite.php(43): require_once('...')
#9 {main}
CRITICAL - 2021-10-28 00:28:43 --> There is no data to insert.
#0 /home/artatripamuda/Documents/learn/mfikri/restful/system/BaseModel.php(1570): CodeIgniter\Database\Exceptions\DataException::forEmptyDataset()
#1 /home/artatripamuda/Documents/learn/mfikri/restful/system/BaseModel.php(704): CodeIgniter\BaseModel->transformDataToArray()
#2 /home/artatripamuda/Documents/learn/mfikri/restful/system/Model.php(620): CodeIgniter\BaseModel->insert()
#3 /home/artatripamuda/Documents/learn/mfikri/restful/app/Controllers/Products.php(43): CodeIgniter\Model->insert()
#4 /home/artatripamuda/Documents/learn/mfikri/restful/system/CodeIgniter.php(802): App\Controllers\Products->create()
#5 /home/artatripamuda/Documents/learn/mfikri/restful/system/CodeIgniter.php(399): CodeIgniter\CodeIgniter->runController()
#6 /home/artatripamuda/Documents/learn/mfikri/restful/system/CodeIgniter.php(317): CodeIgniter\CodeIgniter->handleRequest()
#7 /home/artatripamuda/Documents/learn/mfikri/restful/public/index.php(37): CodeIgniter\CodeIgniter->run()
#8 /home/artatripamuda/Documents/learn/mfikri/restful/system/Commands/Server/rewrite.php(43): require_once('...')
#9 {main}
CRITICAL - 2021-10-28 00:31:41 --> There is no data to insert.
#0 /home/artatripamuda/Documents/learn/mfikri/restful/system/BaseModel.php(1570): CodeIgniter\Database\Exceptions\DataException::forEmptyDataset()
#1 /home/artatripamuda/Documents/learn/mfikri/restful/system/BaseModel.php(704): CodeIgniter\BaseModel->transformDataToArray()
#2 /home/artatripamuda/Documents/learn/mfikri/restful/system/Model.php(620): CodeIgniter\BaseModel->insert()
#3 /home/artatripamuda/Documents/learn/mfikri/restful/app/Controllers/Products.php(42): CodeIgniter\Model->insert()
#4 /home/artatripamuda/Documents/learn/mfikri/restful/system/CodeIgniter.php(802): App\Controllers\Products->create()
#5 /home/artatripamuda/Documents/learn/mfikri/restful/system/CodeIgniter.php(399): CodeIgniter\CodeIgniter->runController()
#6 /home/artatripamuda/Documents/learn/mfikri/restful/system/CodeIgniter.php(317): CodeIgniter\CodeIgniter->handleRequest()
#7 /home/artatripamuda/Documents/learn/mfikri/restful/public/index.php(37): CodeIgniter\CodeIgniter->run()
#8 /home/artatripamuda/Documents/learn/mfikri/restful/system/Commands/Server/rewrite.php(43): require_once('...')
#9 {main}
CRITICAL - 2021-10-28 00:32:06 --> There is no data to insert.
#0 /home/artatripamuda/Documents/learn/mfikri/restful/system/BaseModel.php(1570): CodeIgniter\Database\Exceptions\DataException::forEmptyDataset()
#1 /home/artatripamuda/Documents/learn/mfikri/restful/system/BaseModel.php(704): CodeIgniter\BaseModel->transformDataToArray()
#2 /home/artatripamuda/Documents/learn/mfikri/restful/system/Model.php(620): CodeIgniter\BaseModel->insert()
#3 /home/artatripamuda/Documents/learn/mfikri/restful/app/Controllers/Products.php(42): CodeIgniter\Model->insert()
#4 /home/artatripamuda/Documents/learn/mfikri/restful/system/CodeIgniter.php(802): App\Controllers\Products->create()
#5 /home/artatripamuda/Documents/learn/mfikri/restful/system/CodeIgniter.php(399): CodeIgniter\CodeIgniter->runController()
#6 /home/artatripamuda/Documents/learn/mfikri/restful/system/CodeIgniter.php(317): CodeIgniter\CodeIgniter->handleRequest()
#7 /home/artatripamuda/Documents/learn/mfikri/restful/public/index.php(37): CodeIgniter\CodeIgniter->run()
#8 /home/artatripamuda/Documents/learn/mfikri/restful/system/Commands/Server/rewrite.php(43): require_once('...')
#9 {main}
CRITICAL - 2021-10-28 00:33:38 --> There is no data to insert.
#0 /home/artatripamuda/Documents/learn/mfikri/restful/system/BaseModel.php(1570): CodeIgniter\Database\Exceptions\DataException::forEmptyDataset()
#1 /home/artatripamuda/Documents/learn/mfikri/restful/system/BaseModel.php(704): CodeIgniter\BaseModel->transformDataToArray()
#2 /home/artatripamuda/Documents/learn/mfikri/restful/system/Model.php(620): CodeIgniter\BaseModel->insert()
#3 /home/artatripamuda/Documents/learn/mfikri/restful/app/Controllers/Products.php(42): CodeIgniter\Model->insert()
#4 /home/artatripamuda/Documents/learn/mfikri/restful/system/CodeIgniter.php(802): App\Controllers\Products->create()
#5 /home/artatripamuda/Documents/learn/mfikri/restful/system/CodeIgniter.php(399): CodeIgniter\CodeIgniter->runController()
#6 /home/artatripamuda/Documents/learn/mfikri/restful/system/CodeIgniter.php(317): CodeIgniter\CodeIgniter->handleRequest()
#7 /home/artatripamuda/Documents/learn/mfikri/restful/public/index.php(37): CodeIgniter\CodeIgniter->run()
#8 /home/artatripamuda/Documents/learn/mfikri/restful/system/Commands/Server/rewrite.php(43): require_once('...')
#9 {main}
CRITICAL - 2021-10-28 00:35:22 --> There is no data to insert.
#0 /home/artatripamuda/Documents/learn/mfikri/restful/system/BaseModel.php(1570): CodeIgniter\Database\Exceptions\DataException::forEmptyDataset()
#1 /home/artatripamuda/Documents/learn/mfikri/restful/system/BaseModel.php(704): CodeIgniter\BaseModel->transformDataToArray()
#2 /home/artatripamuda/Documents/learn/mfikri/restful/system/Model.php(620): CodeIgniter\BaseModel->insert()
#3 /home/artatripamuda/Documents/learn/mfikri/restful/app/Controllers/Products.php(42): CodeIgniter\Model->insert()
#4 /home/artatripamuda/Documents/learn/mfikri/restful/system/CodeIgniter.php(802): App\Controllers\Products->create()
#5 /home/artatripamuda/Documents/learn/mfikri/restful/system/CodeIgniter.php(399): CodeIgniter\CodeIgniter->runController()
#6 /home/artatripamuda/Documents/learn/mfikri/restful/system/CodeIgniter.php(317): CodeIgniter\CodeIgniter->handleRequest()
#7 /home/artatripamuda/Documents/learn/mfikri/restful/public/index.php(37): CodeIgniter\CodeIgniter->run()
#8 /home/artatripamuda/Documents/learn/mfikri/restful/system/Commands/Server/rewrite.php(43): require_once('...')
#9 {main}
CRITICAL - 2021-10-28 00:37:44 --> There is no data to insert.
#0 /home/artatripamuda/Documents/learn/mfikri/restful/system/BaseModel.php(1570): CodeIgniter\Database\Exceptions\DataException::forEmptyDataset()
#1 /home/artatripamuda/Documents/learn/mfikri/restful/system/BaseModel.php(704): CodeIgniter\BaseModel->transformDataToArray()
#2 /home/artatripamuda/Documents/learn/mfikri/restful/system/Model.php(620): CodeIgniter\BaseModel->insert()
#3 /home/artatripamuda/Documents/learn/mfikri/restful/app/Controllers/Products.php(44): CodeIgniter\Model->insert()
#4 /home/artatripamuda/Documents/learn/mfikri/restful/system/CodeIgniter.php(802): App\Controllers\Products->create()
#5 /home/artatripamuda/Documents/learn/mfikri/restful/system/CodeIgniter.php(399): CodeIgniter\CodeIgniter->runController()
#6 /home/artatripamuda/Documents/learn/mfikri/restful/system/CodeIgniter.php(317): CodeIgniter\CodeIgniter->handleRequest()
#7 /home/artatripamuda/Documents/learn/mfikri/restful/public/index.php(37): CodeIgniter\CodeIgniter->run()
#8 /home/artatripamuda/Documents/learn/mfikri/restful/system/Commands/Server/rewrite.php(43): require_once('...')
#9 {main}
